2025-07-16 13:11:36,404 - INFO - Ingestingbegin_inventory.csvin db
2025-07-16 13:11:38,243 - INFO - Ingestingend_inventory.csvin db
2025-07-16 13:11:44,334 - INFO - Ingestingpurchases.csvin db
2025-07-16 13:12:13,411 - INFO - Ingestingpurchase_prices.csvin db
2025-07-16 13:12:33,204 - INFO - Ingestingsales.csvin db
2025-07-16 13:15:24,749 - INFO - Ingestingvendor_invoice.csvin db
2025-07-16 13:15:24,844 - INFO - Ingestion Complete
2025-07-16 13:15:24,844 - INFO - 
Total Time Taken : 3.81minutes
2025-07-16 14:44:25,060 - INFO - Creating vendor summary table.....
2025-07-16 14:45:22,542 - INFO -    VendorNumber                   VendorName  Brand              Description  \
0          1128  BROWN-FORMAN CORP             1233  Jack Daniels No 7 Black   
1          4425        MARTIGNETTI COMPANIES   3405    Tito's Handmade Vodka   
2          4425        MARTIGNETTI COMPANIES   3405    Tito's Handmade Vodka   
3         17035  PERNOD RICARD USA             8068         Absolut 80 Proof   
4          3960  DIAGEO NORTH AMERICA INC      4261   Capt Morgan Spiced Rum   

   PurchasePrice  ActualPrice Volume  TotalPurchaseQuantity  \
0          26.27        36.99   1750                 145080   
1          23.19        28.99   1750                 164038   
2          23.19        28.99   1750                 164038   
3          18.24        24.99   1750                 187407   
4          16.17        22.99   1750                 201682   

   TotalPurchaseDollars  TotalSalesQuantity  TotalSalesDollars  \
0            3811251.60            142049.0         5101919.51   
1            3804041.22            160247.0         4819073.49   
2            3804041.22            160247.0         4819073.49   
3            3418303.68            187140.0         4538120.60   
4            3261197.94            200412.0         4475972.88   

   TotalSalesPrice  TotalExciseTax  FreightCost  
0        672819.31       260999.20     68601.68  
1        561512.37       294438.66       209.32  
2        561512.37       294438.66    144719.92  
3        461140.15       343854.07    123780.22  
4        420050.01       368242.80    257032.07  
2025-07-16 14:45:22,565 - INFO - Cleaning Data.....
2025-07-16 14:45:22,593 - INFO -    VendorNumber                VendorName  Brand              Description  \
0          1128         BROWN-FORMAN CORP   1233  Jack Daniels No 7 Black   
1          4425     MARTIGNETTI COMPANIES   3405    Tito's Handmade Vodka   
2          4425     MARTIGNETTI COMPANIES   3405    Tito's Handmade Vodka   
3         17035         PERNOD RICARD USA   8068         Absolut 80 Proof   
4          3960  DIAGEO NORTH AMERICA INC   4261   Capt Morgan Spiced Rum   

   PurchasePrice  ActualPrice  Volume  TotalPurchaseQuantity  \
0          26.27        36.99  1750.0                 145080   
1          23.19        28.99  1750.0                 164038   
2          23.19        28.99  1750.0                 164038   
3          18.24        24.99  1750.0                 187407   
4          16.17        22.99  1750.0                 201682   

   TotalPurchaseDollars  TotalSalesQuantity  TotalSalesDollars  \
0            3811251.60            142049.0         5101919.51   
1            3804041.22            160247.0         4819073.49   
2            3804041.22            160247.0         4819073.49   
3            3418303.68            187140.0         4538120.60   
4            3261197.94            200412.0         4475972.88   

   TotalSalesPrice  TotalExciseTax  FreightCost  GrossProfit  ProfitMargin  \
0        672819.31       260999.20     68601.68   1290667.91     25.297693   
1        561512.37       294438.66       209.32   1015032.27     21.062810   
2        561512.37       294438.66    144719.92   1015032.27     21.062810   
3        461140.15       343854.07    123780.22   1119816.92     24.675786   
4        420050.01       368242.80    257032.07   1214774.94     27.139908   

   StockTurnover  SalestoPurchaseRatio  
0       0.979108              1.338647  
1       0.976890              1.266830  
2       0.976890              1.266830  
3       0.998575              1.327594  
4       0.993703              1.372493  
2025-07-16 14:45:22,604 - INFO - INgesting data......
2025-07-16 14:45:22,723 - INFO - Completed
2025-07-16 15:20:40,220 - ERROR - No such comm target registered: jupyter.widget.control
2025-07-16 15:20:40,237 - WARNING - No such comm: 185cab90-fac5-4cd6-9b47-fe2e9a7361f4
2025-07-16 15:20:40,238 - DEBUG - Current comms: []
2025-07-16 15:24:39,364 - ERROR - No such comm target registered: jupyter.widget.control
2025-07-16 15:24:39,368 - WARNING - No such comm: 153248b6-c16f-4f3f-a5b3-f852a806518a
2025-07-16 15:24:39,368 - DEBUG - Current comms: []
2025-07-16 16:46:55,126 - ERROR - No such comm target registered: jupyter.widget.control
2025-07-16 16:46:55,135 - WARNING - No such comm: cc263f6c-8749-41da-9e99-4c7b1f168e85
2025-07-16 16:46:55,137 - DEBUG - Current comms: []
2025-07-16 16:47:35,909 - ERROR - No such comm target registered: jupyter.widget.control
2025-07-16 16:47:35,927 - WARNING - No such comm: f2c3ab9b-8eab-4444-9928-3794e70726d3
2025-07-16 16:47:35,927 - DEBUG - Current comms: []
